[2023-07-31 15:28:05.045:1055] --- [ background-preinit ] [34mINFO [0;39m [32mo.h.v.i.util.Version[0;39m: HV000001: Hibernate Validator 8.0.0.Final
[2023-07-31 15:28:05.119:1129] --- [ main ] [34mINFO [0;39m [32mc.r.g.GatewayApplication[0;39m: Starting GatewayApplication using Java 17.0.8 with PID 20196 (C:\Users\delet\OneDrive\바탕 화면\tunaPortal\module-gateway\build\classes\java\main started by delet in C:\Users\delet\OneDrive\바탕 화면\tunaPortal)
[2023-07-31 15:28:05.120:1130] --- [ main ] [34mINFO [0;39m [32mc.r.g.GatewayApplication[0;39m: No active profile set, falling back to 1 default profile: "default"
[2023-07-31 15:28:07.412:3422] --- [ main ] [34mINFO [0;39m [32mo.s.b.a.s.r.ReactiveUserDetailsServiceAutoConfiguration[0;39m: 

Using generated security password: aa9507ce-268a-43e4-af26-530d3071ba36

[2023-07-31 15:28:07.973:3983] --- [ main ] [31mWARN [0;39m [32mo.s.b.w.r.c.AnnotationConfigReactiveWebServerApplicationContext[0;39m: Exception encountered during context initialization - cancelling refresh attempt: org.springframework.context.ApplicationContextException: Failed to start bean 'webServerStartStop'
[2023-07-31 15:28:10.077:6087] --- [ main ] [34mINFO [0;39m [32mo.s.b.a.l.ConditionEvaluationReportLogger[0;39m: 

Error starting ApplicationContext. To display the condition evaluation report re-run your application with 'debug' enabled.
[2023-07-31 15:28:10.109:6119] --- [ main ] [1;31mERROR[0;39m [32mo.s.b.d.LoggingFailureAnalysisReporter[0;39m: 

***************************
APPLICATION FAILED TO START
***************************

Description:

Web server failed to start. Port 8080 was already in use.

Action:

Identify and stop the process that's listening on port 8080 or configure this application to listen on another port.

[2023-07-31 15:29:06.161:1414] --- [ background-preinit ] [34mINFO [0;39m [32mo.h.v.i.util.Version[0;39m: HV000001: Hibernate Validator 8.0.0.Final
[2023-07-31 15:29:06.242:1495] --- [ main ] [34mINFO [0;39m [32mc.r.g.GatewayApplication[0;39m: Starting GatewayApplication using Java 17.0.8 with PID 16528 (C:\Users\delet\OneDrive\바탕 화면\tunaPortal\module-gateway\build\classes\java\main started by delet in C:\Users\delet\OneDrive\바탕 화면\tunaPortal)
[2023-07-31 15:29:06.244:1497] --- [ main ] [34mINFO [0;39m [32mc.r.g.GatewayApplication[0;39m: No active profile set, falling back to 1 default profile: "default"
[2023-07-31 15:29:09.661:4914] --- [ main ] [34mINFO [0;39m [32mo.s.b.a.s.r.ReactiveUserDetailsServiceAutoConfiguration[0;39m: 

Using generated security password: e9f58a85-13ac-49ec-ad4b-d89e6bf6b58c

[2023-07-31 15:29:10.381:5634] --- [ main ] [34mINFO [0;39m [32mo.s.b.w.e.n.NettyWebServer[0;39m: Netty started on port 9000
[2023-07-31 15:29:10.392:5645] --- [ main ] [34mINFO [0;39m [32mc.r.g.GatewayApplication[0;39m: Started GatewayApplication in 5.356 seconds (process running for 8.72)
[2023-07-31 15:31:11.287:1252] --- [ background-preinit ] [34mINFO [0;39m [32mo.h.v.i.util.Version[0;39m: HV000001: Hibernate Validator 8.0.0.Final
[2023-07-31 15:31:11.364:1329] --- [ main ] [34mINFO [0;39m [32mc.r.g.GatewayApplication[0;39m: Starting GatewayApplication using Java 17.0.8 with PID 25884 (C:\Users\delet\OneDrive\바탕 화면\tunaPortal\module-gateway\build\classes\java\main started by delet in C:\Users\delet\OneDrive\바탕 화면\tunaPortal)
[2023-07-31 15:31:11.365:1330] --- [ main ] [34mINFO [0;39m [32mc.r.g.GatewayApplication[0;39m: No active profile set, falling back to 1 default profile: "default"
[2023-07-31 15:31:14.513:4478] --- [ main ] [34mINFO [0;39m [32mo.s.b.a.s.r.ReactiveUserDetailsServiceAutoConfiguration[0;39m: 

Using generated security password: 713e541f-a7eb-4a25-944b-c9f922ad8e67

[2023-07-31 15:31:15.266:5231] --- [ main ] [34mINFO [0;39m [32mo.s.b.w.e.n.NettyWebServer[0;39m: Netty started on port 9000
[2023-07-31 15:31:15.276:5241] --- [ main ] [34mINFO [0;39m [32mc.r.g.GatewayApplication[0;39m: Started GatewayApplication in 4.945 seconds (process running for 6.894)
[2023-07-31 15:36:50.795:1559] --- [ background-preinit ] [34mINFO [0;39m [32mo.h.v.i.util.Version[0;39m: HV000001: Hibernate Validator 8.0.0.Final
[2023-07-31 15:36:50.879:1643] --- [ main ] [34mINFO [0;39m [32mc.r.g.GatewayApplication[0;39m: Starting GatewayApplication using Java 17.0.8 with PID 17744 (C:\Users\delet\OneDrive\바탕 화면\tunaPortal\module-gateway\build\classes\java\main started by delet in C:\Users\delet\OneDrive\바탕 화면\tunaPortal)
[2023-07-31 15:36:50.881:1645] --- [ main ] [34mINFO [0;39m [32mc.r.g.GatewayApplication[0;39m: No active profile set, falling back to 1 default profile: "default"
[2023-07-31 15:36:54.398:5162] --- [ main ] [34mINFO [0;39m [32mo.s.b.a.s.r.ReactiveUserDetailsServiceAutoConfiguration[0;39m: 

Using generated security password: e7d7356e-b64b-40b9-b35d-f840672921da

[2023-07-31 15:36:54.936:5700] --- [ main ] [34mINFO [0;39m [32mo.s.b.w.e.n.NettyWebServer[0;39m: Netty started on port 9000
[2023-07-31 15:36:54.946:5710] --- [ main ] [34mINFO [0;39m [32mc.r.g.GatewayApplication[0;39m: Started GatewayApplication in 5.199 seconds (process running for 7.662)
[2023-07-31 15:44:31.678:917] --- [ background-preinit ] [34mINFO [0;39m [32mo.h.v.i.util.Version[0;39m: HV000001: Hibernate Validator 8.0.0.Final
[2023-07-31 15:44:31.737:976] --- [ main ] [34mINFO [0;39m [32mc.r.g.GatewayApplication[0;39m: Starting GatewayApplication using Java 17.0.8 with PID 1096 (C:\Users\delet\OneDrive\바탕 화면\tunaPortal\module-gateway\build\classes\java\main started by delet in C:\Users\delet\OneDrive\바탕 화면\tunaPortal)
[2023-07-31 15:44:31.738:977] --- [ main ] [34mINFO [0;39m [32mc.r.g.GatewayApplication[0;39m: No active profile set, falling back to 1 default profile: "default"
[2023-07-31 15:44:33.141:2380] --- [ main ] [34mINFO [0;39m [32mo.s.b.a.s.r.ReactiveUserDetailsServiceAutoConfiguration[0;39m: 

Using generated security password: c2349b7b-38cf-4aa2-b087-1c9484c07ed1

[2023-07-31 15:44:33.688:2927] --- [ main ] [34mINFO [0;39m [32mo.s.b.w.e.n.NettyWebServer[0;39m: Netty started on port 9000
[2023-07-31 15:44:33.698:2937] --- [ main ] [34mINFO [0;39m [32mc.r.g.GatewayApplication[0;39m: Started GatewayApplication in 2.762 seconds (process running for 4.417)
[2023-07-31 15:46:58.420:1390] --- [ background-preinit ] [34mINFO [0;39m [32mo.h.v.i.util.Version[0;39m: HV000001: Hibernate Validator 8.0.0.Final
[2023-07-31 15:46:58.500:1470] --- [ main ] [34mINFO [0;39m [32mc.r.g.GatewayApplication[0;39m: Starting GatewayApplication using Java 17.0.8 with PID 26356 (C:\Users\delet\OneDrive\바탕 화면\tunaPortal\module-gateway\build\classes\java\main started by delet in C:\Users\delet\OneDrive\바탕 화면\tunaPortal)
[2023-07-31 15:46:58.502:1472] --- [ main ] [34mINFO [0;39m [32mc.r.g.GatewayApplication[0;39m: No active profile set, falling back to 1 default profile: "default"
[2023-07-31 15:47:00.303:3273] --- [ main ] [34mINFO [0;39m [32mo.s.b.a.s.r.ReactiveUserDetailsServiceAutoConfiguration[0;39m: 

Using generated security password: edf48e89-640e-48c4-ac6c-c9e3f1e68ece

[2023-07-31 15:47:01.057:4027] --- [ main ] [34mINFO [0;39m [32mo.s.b.w.e.n.NettyWebServer[0;39m: Netty started on port 9000
[2023-07-31 15:47:01.076:4046] --- [ main ] [34mINFO [0;39m [32mc.r.g.GatewayApplication[0;39m: Started GatewayApplication in 3.805 seconds (process running for 5.171)
